Removed Member From Class: ClassName=Designator Member=C25
Removed Member From Class: ClassName=Designator Member=C26
Removed Member From Class: ClassName=Designator Member=C27
Removed Member From Class: ClassName=Designator Member=C28
Removed Member From Class: ClassName=Designator Member=C30
Removed Member From Class: ClassName=Designator Member=C31
Removed Member From Class: ClassName=Designator Member=C32
Removed Member From Class: ClassName=Designator Member=C33
Removed Member From Class: ClassName=Designator Member=C37
Removed Member From Class: ClassName=Designator Member=C38
Removed Member From Class: ClassName=Designator Member=C39
Removed Member From Class: ClassName=Designator Member=C40
Removed Member From Class: ClassName=Designator Member=C41
Removed Member From Class: ClassName=Designator Member=C42
Removed Member From Class: ClassName=Designator Member=C43
Removed Member From Class: ClassName=Designator Member=D9
Removed Member From Class: ClassName=Designator Member=P6
Removed Member From Class: ClassName=Designator Member=R43
Removed Member From Class: ClassName=Designator Member=R44
Removed Member From Class: ClassName=Designator Member=R45
Removed Member From Class: ClassName=Designator Member=R46
Removed Member From Class: ClassName=Designator Member=R75
Removed Member From Class: ClassName=Designator Member=R76
Removed Member From Class: ClassName=Designator Member=R77
Removed Member From Class: ClassName=Designator Member=R78
Removed Member From Class: ClassName=Designator Member=R79
Removed Member From Class: ClassName=Designator Member=R80
Removed Member From Class: ClassName=Designator Member=R81
Removed Member From Class: ClassName=Designator Member=R82
Removed Member From Class: ClassName=Designator Member=R83
Removed Member From Class: ClassName=Designator Member=R84
Removed Member From Class: ClassName=Designator Member=R85
Removed Member From Class: ClassName=Designator Member=R91
Removed Member From Class: ClassName=Designator Member=R92
Removed Member From Class: ClassName=Designator Member=R93
Removed Member From Class: ClassName=Designator Member=R94
Removed Member From Class: ClassName=Designator Member=R95
Removed Member From Class: ClassName=Designator Member=R96
Removed Member From Class: ClassName=Designator Member=S4
Removed Member From Class: ClassName=Designator Member=TP4
Removed Member From Class: ClassName=Designator Member=TP5
Removed Member From Class: ClassName=Designator Member=TP6
Removed Member From Class: ClassName=Designator Member=TP7
Removed Member From Class: ClassName=Designator Member=TP54
Removed Member From Class: ClassName=Designator Member=TP55
Removed Member From Class: ClassName=Designator Member=TP56
Removed Member From Class: ClassName=Designator Member=TP57
Removed Member From Class: ClassName=Designator Member=TP58
Removed Member From Class: ClassName=Designator Member=TP59
Removed Member From Class: ClassName=Designator Member=TP60
Removed Member From Class: ClassName=Designator Member=TP61
Removed Member From Class: ClassName=Designator Member=TP62
Removed Member From Class: ClassName=Designator Member=TP63
Removed Member From Class: ClassName=Designator Member=TP64
Removed Member From Class: ClassName=Designator Member=TP65
Removed Member From Class: ClassName=Designator Member=TP66
Removed Member From Class: ClassName=Designator Member=TP67
Removed Member From Class: ClassName=Designator Member=TP80
Removed Member From Class: ClassName=Designator Member=TP81
Removed Member From Class: ClassName=Designator Member=TP82
Removed Member From Class: ClassName=Designator Member=TP83
Removed Member From Class: ClassName=Designator Member=TP84
Removed Member From Class: ClassName=Designator Member=TP85
Removed Member From Class: ClassName=Designator Member=TP86
Removed Member From Class: ClassName=Designator Member=TP87
Removed Member From Class: ClassName=Designator Member=TP88
Removed Member From Class: ClassName=Designator Member=TP89
Removed Member From Class: ClassName=Designator Member=TP90
Removed Member From Class: ClassName=Designator Member=TP91
Removed Member From Class: ClassName=Designator Member=TP92
Removed Member From Class: ClassName=Designator Member=U2
Removed Member From Class: ClassName=Designator Member=U4
Removed Member From Class: ClassName=Designator Member=U6
Removed Member From Class: ClassName=Designator Member=U7
Added Component: Designator=D?(SMC)
Add component (AddParameter): Name = "Code_JEDEC"; Value = "DO-214-AB"; VariantName = "[No Variations]"
Add component (AddParameter): Name = "LatestRevisionDate"; Value = "17-Jul-2002"; VariantName = "[No Variations]"
Add component (AddParameter): Name = "LatestRevisionNote"; Value = "Re-released for DXP Platform."; VariantName = "[No Variations]"
Add component (AddParameter): Name = "PackageDescription"; Value = "DO-214-AB/SMC; 2 C-Bend Leads; Body 7.9 x 5.9 mm, inc. leads (LxW)"; VariantName = "[No Variations]"
Add component (AddParameter): Name = "PackageReference"; Value = "SMC"; VariantName = "[No Variations]"
Add component (AddParameter): Name = "PackageVersion"; Value = "Sep-1996"; VariantName = "[No Variations]"
Add component (AddParameter): Name = "Published"; Value = "8-Jun-2000"; VariantName = "[No Variations]"
Add component (AddParameter): Name = "Publisher"; Value = "Altium Limited"; VariantName = "[No Variations]"
Add component (AddParameter): Name = "Value"; Value = "1N4007"; VariantName = "[No Variations]"
Added Pin To Net: NetName=12V_In Pin=D?-1
Added Pin To Net: NetName=12v-MR Pin=D?-2
Added Pin To Net: NetName=5V Pin=U6-3
Add Pin To Net: Unknown Pin: Pin U6-21
Add Class: Class already exists: Designator
Add Class: Class already exists: Designator
Add Class: Class already exists: Designator
Add Class: Class already exists: Designator
Added Member To Class: ClassName=ALL_Power Member=Component D? Diode
Change Room Name: Old Name=Designator_2 New Name=Designator
Added Room: Name=Designator
