Removed Pin From Net: NetName=DIO7 Pin=TP33-1
Removed Pin From Net: NetName=DIO8 Pin=TP34-1
Removed Pin From Net: NetName=DIO12 Pin=TP38-1
Removed Pin From Net: NetName=DIO13 Pin=TP39-1
Removed Pin From Net: NetName=DIO13 Pin=U3-13
Removed Pin From Net: NetName=DIO8 Pin=U3-22
Removed Pin From Net: NetName=DIO12 Pin=U3-48
Removed Pin From Net: NetName=DIO7 Pin=U3-61
Removed Member From Class: ClassName=LSD Member=TP33
Removed Member From Class: ClassName=LSD Member=TP34
Removed Member From Class: ClassName=LSD Member=TP38
Removed Member From Class: ClassName=LSD Member=TP39
Added Component: Designator=R74(0805)
Add component (AddParameter): Name = "LatestRevisionDate"; Value = "17-Jul-2002"; VariantName = "[No Variations]"
Add component (AddParameter): Name = "LatestRevisionNote"; Value = "Re-released for DXP Platform."; VariantName = "[No Variations]"
Add component (AddParameter): Name = "PackageDescription"; Value = "Axial Device, Thru-Hole; 2 Leads; 0.3 in Pin Spacing"; VariantName = "[No Variations]"
Add component (AddParameter): Name = "PackageReference"; Value = "AXIAL-0.3"; VariantName = "[No Variations]"
Add component (AddParameter): Name = "Published"; Value = "8-Jun-2000"; VariantName = "[No Variations]"
Add component (AddParameter): Name = "Publisher"; Value = "Altium Limited"; VariantName = "[No Variations]"
Add component (AddParameter): Name = "Value"; Value = "4.7k"; VariantName = "[No Variations]"
Added Component: Designator=R75(0805)
Add component (AddParameter): Name = "LatestRevisionDate"; Value = "17-Jul-2002"; VariantName = "[No Variations]"
Add component (AddParameter): Name = "LatestRevisionNote"; Value = "Re-released for DXP Platform."; VariantName = "[No Variations]"
Add component (AddParameter): Name = "PackageDescription"; Value = "Axial Device, Thru-Hole; 2 Leads; 0.3 in Pin Spacing"; VariantName = "[No Variations]"
Add component (AddParameter): Name = "PackageReference"; Value = "AXIAL-0.3"; VariantName = "[No Variations]"
Add component (AddParameter): Name = "Published"; Value = "8-Jun-2000"; VariantName = "[No Variations]"
Add component (AddParameter): Name = "Publisher"; Value = "Altium Limited"; VariantName = "[No Variations]"
Add component (AddParameter): Name = "Value"; Value = "4.7k"; VariantName = "[No Variations]"
Added Component: Designator=R76(0805)
Add component (AddParameter): Name = "LatestRevisionDate"; Value = "17-Jul-2002"; VariantName = "[No Variations]"
Add component (AddParameter): Name = "LatestRevisionNote"; Value = "Re-released for DXP Platform."; VariantName = "[No Variations]"
Add component (AddParameter): Name = "PackageDescription"; Value = "Axial Device, Thru-Hole; 2 Leads; 0.3 in Pin Spacing"; VariantName = "[No Variations]"
Add component (AddParameter): Name = "PackageReference"; Value = "AXIAL-0.3"; VariantName = "[No Variations]"
Add component (AddParameter): Name = "Published"; Value = "8-Jun-2000"; VariantName = "[No Variations]"
Add component (AddParameter): Name = "Publisher"; Value = "Altium Limited"; VariantName = "[No Variations]"
Add component (AddParameter): Name = "Value"; Value = "4.7k"; VariantName = "[No Variations]"
Added Pin To Net: NetName=OUt1 Pin=R20-2
Added Pin To Net: NetName=5V Pin=R74-2
Added Pin To Net: NetName=5V Pin=R75-1
Added Pin To Net: NetName=5V Pin=R76-2
Added Pin To Net: NetName=OUt1 Pin=TP7-1
Added Pin To Net: NetName=5V Pin=U6-3
Added Pin To Net: NetName=NetR74_1 Pin=R74-1
Added Pin To Net: NetName=NetR74_1 Pin=U3-61
Added Net: Name=NetR74_1
Added Pin To Net: NetName=NetR75_2 Pin=R75-2
Added Pin To Net: NetName=NetR75_2 Pin=U3-48
Added Net: Name=NetR75_2
Added Pin To Net: NetName=NetR76_1 Pin=R76-1
Added Pin To Net: NetName=NetR76_1 Pin=U3-13
Added Net: Name=NetR76_1
Added Member To Class: ClassName=LSD Member=Component R74 Res1
Added Member To Class: ClassName=LSD Member=Component R75 Res1
Added Member To Class: ClassName=LSD Member=Component R76 Res1
