Removed Member From Class: ClassName=Knock Member=C23
Removed Member From Class: ClassName=Knock Member=C31
Removed Member From Class: ClassName=LSD Member=C31
Removed Member From Class: ClassName=SBC Member=C35
Removed Member From Class: ClassName=Knock Member=R11
Removed Member From Class: ClassName=Main Member=R14
Removed Member From Class: ClassName=Main Member=R17
Removed Member From Class: ClassName=Main Member=R18
Removed Member From Class: ClassName=MU Member=R41
Removed Member From Class: ClassName=Main Member=TP42
Removed Member From Class: ClassName=SBC Member=TP52
Added Pin To Net: NetName=5V Pin=U6-3
Add Pin To Net: Unknown Pin: Pin X2-1
Add Pin To Net: Unknown Pin: Pin X2-2
Added Member To Class: ClassName=MCU Member=Component C6 100nF
Added Member To Class: ClassName=MCU Member=Component C7 1uF
Added Member To Class: ClassName=MCU Member=Component C9 100nF
Added Member To Class: ClassName=MCU Member=Component C10 100nF
Added Member To Class: ClassName=MCU Member=Component C12 CGA3E2X7R1H104K080AA
Added Member To Class: ClassName=MCU Member=Component C14 CGA3E2X7R1H104K080AA
Added Member To Class: ClassName=MCU Member=Component C16 CGA3E2X7R1H104K080AA
Added Member To Class: ClassName=MCU Member=Component C18 CGA3E2X7R1H104K080AA
Added Member To Class: ClassName=MCU Member=Component C20 CGA3E2X7R1H104K080AA
Added Member To Class: ClassName=MCU Member=Component C22 CGA3E2X7R1H104K080AA
Added Member To Class: ClassName=Knock Member=Component C24 100nF
Added Member To Class: ClassName=Knock Member=Component C26 1nF
Added Member To Class: ClassName=Knock Member=Component C28 1nF
Added Member To Class: ClassName=Knock Member=Component C29 1nF
Added Member To Class: ClassName=LSD Member=Component C30 CGA3E2X7R1H104K080AA
Added Member To Class: ClassName=SBC Member=Component C32 CGA3E2X7R1H104K080AA
Added Member To Class: ClassName=SBC Member=Component C34 CGA5L1X7R1H106K160AC
Added Member To Class: ClassName=ALL_Power Member=Component C36 10uF/10V
Added Member To Class: ClassName=ETC Member=Component C38 CGA3E2X7R1H104K080AA
Added Member To Class: ClassName=ETC Member=Component C40 CGA3E2X7R1H104K080AA
Added Member To Class: ClassName=MU Member=Component C42 CGA3E2X7R1H104K080AA
Added Member To Class: ClassName=MU Member=Component P3 Header 5
Added Member To Class: ClassName=MCU Member=Component R3 Res1
Added Member To Class: ClassName=MCU Member=Component R6 Res1
Added Member To Class: ClassName=MCU Member=Component R7 Res1
Added Member To Class: ClassName=MCU Member=Component R9 Res1
Added Member To Class: ClassName=MCU Member=Component R10 Res1
Added Member To Class: ClassName=MCU Member=Component R11 Res1
Added Member To Class: ClassName=MCU Member=Component R12 Res1
Added Member To Class: ClassName=MCU Member=Component R13 Res1
Added Member To Class: ClassName=MCU Member=Component R14 Res1
Added Member To Class: ClassName=Knock Member=Component R15 Res1
Added Member To Class: ClassName=Knock Member=Component R16 Res1
Added Member To Class: ClassName=Knock Member=Component R19 Res1
Added Member To Class: ClassName=LSD Member=Component R20 Res1
Added Member To Class: ClassName=LSD Member=Component R21 Res1
Added Member To Class: ClassName=LSD Member=Component R22 Res1
Added Member To Class: ClassName=LSD Member=Component R23 Res1
Added Member To Class: ClassName=LSD Member=Component R24 Res1
Added Member To Class: ClassName=LSD Member=Component R25 Res1
Added Member To Class: ClassName=LSD Member=Component R26 Res1
Added Member To Class: ClassName=LSD Member=Component R27 Res1
Added Member To Class: ClassName=LSD Member=Component R28 Res1
Added Member To Class: ClassName=LSD Member=Component R29 Res1
Added Member To Class: ClassName=LSD Member=Component R30 Res1
Added Member To Class: ClassName=LSD Member=Component R31 Res1
Added Member To Class: ClassName=LSD Member=Component R32 Res1
Added Member To Class: ClassName=LSD Member=Component R33 Res1
Added Member To Class: ClassName=LSD Member=Component R34 Res1
Added Member To Class: ClassName=LSD Member=Component R35 Res1
Added Member To Class: ClassName=LSD Member=Component R36 Res1
Added Member To Class: ClassName=LSD Member=Component R37 Res1
Added Member To Class: ClassName=Main Member=Component R38 Res1
Added Member To Class: ClassName=Main Member=Component R39 Res1
Added Member To Class: ClassName=Main Member=Component R40 Res1
Added Member To Class: ClassName=Main Member=Component R42 Res1
Added Member To Class: ClassName=Main Member=Component R44 Res1
Added Member To Class: ClassName=Main Member=Component R45 Res1
Added Member To Class: ClassName=Main Member=Component R46 Res1
Added Member To Class: ClassName=Main Member=Component R47 Res1
Added Member To Class: ClassName=Main Member=Component R48 Res1
Added Member To Class: ClassName=Main Member=Component R49 Res1
Added Member To Class: ClassName=SBC Member=Component R50 Res1
Added Member To Class: ClassName=SBC Member=Component R52 Res1
Added Member To Class: ClassName=SBC Member=Component R54 Res1
Added Member To Class: ClassName=SBC Member=Component R56 Res1
Added Member To Class: ClassName=SBC Member=Component R58 Res1
Added Member To Class: ClassName=SBC Member=Component R60 Res1
Added Member To Class: ClassName=ALL_Power Member=Component R62 Res1
Added Member To Class: ClassName=ALL_Power Member=Component R64 Res1
Added Member To Class: ClassName=ALL_Power Member=Component R65 Res1
Added Member To Class: ClassName=ETC Member=Component R66 Res1
Added Member To Class: ClassName=ETC Member=Component R67 Res1
Added Member To Class: ClassName=ETC Member=Component R68 Res1
Added Member To Class: ClassName=MU Member=Component R70 Res1
Added Member To Class: ClassName=MU Member=Component R71 Res1
Added Member To Class: ClassName=MU Member=Component R72 Res1
Added Member To Class: ClassName=Main Member=Component T1 TERM6
Added Member To Class: ClassName=MCU Member=Component TP1 TestPoint
Added Member To Class: ClassName=MCU Member=Component TP2 TestPoint
Added Member To Class: ClassName=Knock Member=Component TP4 TestPoint
Added Member To Class: ClassName=Knock Member=Component TP6 TestPoint
Added Member To Class: ClassName=LSD Member=Component TP9 TestPoint
Added Member To Class: ClassName=LSD Member=Component TP11 TestPoint
Added Member To Class: ClassName=LSD Member=Component TP13 TestPoint
Added Member To Class: ClassName=LSD Member=Component TP15 TestPoint
Added Member To Class: ClassName=LSD Member=Component TP17 TestPoint
Added Member To Class: ClassName=LSD Member=Component TP19 TestPoint
Added Member To Class: ClassName=LSD Member=Component TP21 TestPoint
Added Member To Class: ClassName=LSD Member=Component TP23 TestPoint
Added Member To Class: ClassName=LSD Member=Component TP25 TestPoint
Added Member To Class: ClassName=LSD Member=Component TP27 TestPoint
Added Member To Class: ClassName=LSD Member=Component TP29 TestPoint
Added Member To Class: ClassName=LSD Member=Component TP31 TestPoint
Added Member To Class: ClassName=LSD Member=Component TP33 TestPoint
Added Member To Class: ClassName=LSD Member=Component TP35 TestPoint
Added Member To Class: ClassName=LSD Member=Component TP37 TestPoint
Added Member To Class: ClassName=LSD Member=Component TP39 TestPoint
Added Member To Class: ClassName=LSD Member=Component TP41 TestPoint
Added Member To Class: ClassName=Main Member=Component TP43 TestPoint
Added Member To Class: ClassName=Main Member=Component TP45 TestPoint
Added Member To Class: ClassName=Main Member=Component TP47 TestPoint
Added Member To Class: ClassName=Main Member=Component TP49 TestPoint
Added Member To Class: ClassName=Main Member=Component TP51 TestPoint
Added Member To Class: ClassName=SBC Member=Component TP53 TestPoint
Added Member To Class: ClassName=SBC Member=Component TP55 TestPoint
Added Member To Class: ClassName=SBC Member=Component TP58 TestPoint
Added Member To Class: ClassName=SBC Member=Component TP64 TestPoint
Added Member To Class: ClassName=ALL_Power Member=Component TP71 TestPoint
Added Member To Class: ClassName=MU Member=Component TP86 TestPoint
Added Member To Class: ClassName=MU Member=Component TP87 TestPoint
Add Class Member: Failed to add class member : Component X2 Crystal
Added Room: Name=Knock
Added Room: Name=LSD
Added Room: Name=Main
