Change Component Footprint: Designator=R20 Old Footprint=1206 New Footprint=0805
Change Component Footprint: Designator=R21 Old Footprint=1206 New Footprint=0805
Change Component Footprint: Designator=R22 Old Footprint=1206 New Footprint=0805
Change Component Footprint: Designator=R23 Old Footprint=1206 New Footprint=0805
Change Component Footprint: Designator=R24 Old Footprint=1206 New Footprint=0805
Change Component Footprint: Designator=R25 Old Footprint=1206 New Footprint=0805
Change Component Footprint: Designator=R26 Old Footprint=1206 New Footprint=0805
Change Component Footprint: Designator=R27 Old Footprint=1206 New Footprint=0805
Change Component Footprint: Designator=R28 Old Footprint=1206 New Footprint=0805
Change Component Footprint: Designator=R29 Old Footprint=1206 New Footprint=0805
Change Component Footprint: Designator=R30 Old Footprint=1206 New Footprint=0805
Change Component Footprint: Designator=R31 Old Footprint=1206 New Footprint=0805
Change Component Footprint: Designator=R32 Old Footprint=1206 New Footprint=0805
Change Component Footprint: Designator=R33 Old Footprint=1206 New Footprint=0805
Change Component Footprint: Designator=R34 Old Footprint=1206 New Footprint=0805
Change Component Footprint: Designator=R35 Old Footprint=1206 New Footprint=0805
Change Component Footprint: Designator=R36 Old Footprint=1206 New Footprint=0805
Change Component Footprint: Designator=R37 Old Footprint=1206 New Footprint=0805
Added Pin To Net: NetName=NetTP44_1 Pin=U6-3
Added Room: Name=ALL_Power
Added Room: Name=LSD
Added Room: Name=Main
