Removed Pin From Net: NetName=5V Pin=C7-1
Removed Pin From Net: NetName=5V Pin=D1-1
Removed Pin From Net: NetName=5V Pin=D2-1
Removed Pin From Net: NetName=5V Pin=D3-1
Removed Pin From Net: NetName=5V Pin=D4-1
Removed Pin From Net: NetName=OUt1 Pin=P2-4
Removed Pin From Net: NetName=OUt2 Pin=P2-5
Removed Pin From Net: NetName=OUt3 Pin=P2-6
Removed Pin From Net: NetName=OUt4 Pin=P2-7
Removed Pin From Net: NetName=OUt5 Pin=P2-8
Removed Pin From Net: NetName=OUt7 Pin=P2-9
Removed Pin From Net: NetName=OUt8 Pin=P2-10
Removed Pin From Net: NetName=OUt9 Pin=P2-11
Removed Pin From Net: NetName=OUt11 Pin=P2-12
Removed Pin From Net: NetName=OUt12 Pin=P2-13
Removed Pin From Net: NetName=OUt13 Pin=P2-14
Removed Pin From Net: NetName=OUt15 Pin=P2-15
Removed Pin From Net: NetName=OUt16 Pin=P2-16
Removed Pin From Net: NetName=OUt17 Pin=P2-17
Removed Pin From Net: NetName=OUt18 Pin=P2-18
Removed Pin From Net: NetName=DGND Pin=P3-1
Removed Pin From Net: NetName=5V Pin=P3-2
Removed Pin From Net: NetName=+3.3V_MCU Pin=P3-3
Removed Pin From Net: NetName=DGND Pin=P4-1
Removed Pin From Net: NetName=5V Pin=P4-3
Removed Pin From Net: NetName=+3.3V_MCU Pin=P4-5
Removed Pin From Net: NetName=DGND Pin=P5-1
Removed Pin From Net: NetName=5V Pin=P5-2
Removed Pin From Net: NetName=+3.3V_MCU Pin=P5-3
Removed Pin From Net: NetName=16MHz Pin=P5-11
Removed Pin From Net: NetName=5V Pin=R3-2
Removed Pin From Net: NetName=5V Pin=R4-2
Removed Pin From Net: NetName=5V Pin=R5-2
Removed Pin From Net: NetName=5V Pin=R6-2
Removed Pin From Net: NetName=5V Pin=R7-2
Removed Pin From Net: NetName=5V Pin=R8-2
Removed Pin From Net: NetName=5V Pin=R9-2
Removed Pin From Net: NetName=5V Pin=R10-2
Removed Pin From Net: NetName=5V Pin=R12-2
Removed Pin From Net: NetName=5V Pin=R13-2
Removed Pin From Net: NetName=5V Pin=R15-2
Removed Pin From Net: NetName=5V Pin=R16-2
Removed Pin From Net: NetName=5V Pin=R21-2
Removed Pin From Net: NetName=5V Pin=R22-2
Removed Pin From Net: NetName=5V Pin=R23-2
Removed Pin From Net: NetName=5V Pin=R24-2
Removed Pin From Net: NetName=5V Pin=R25-2
Removed Pin From Net: NetName=5V Pin=R26-2
Removed Pin From Net: NetName=5V Pin=R27-2
Removed Pin From Net: NetName=5V Pin=R28-2
Removed Pin From Net: NetName=5V Pin=R29-2
Removed Pin From Net: NetName=5V Pin=R30-2
Removed Pin From Net: NetName=5V Pin=R31-2
Removed Pin From Net: NetName=5V Pin=R32-2
Removed Pin From Net: NetName=5V Pin=R33-2
Removed Pin From Net: NetName=5V Pin=R34-2
Removed Pin From Net: NetName=5V Pin=R35-2
Removed Pin From Net: NetName=5V Pin=R36-2
Removed Pin From Net: NetName=5V Pin=R37-2
Removed Pin From Net: NetName=5V Pin=R38-2
Removed Pin From Net: NetName=5V Pin=R39-2
Removed Pin From Net: NetName=5V Pin=R40-2
Removed Pin From Net: NetName=5V Pin=R65-1
Removed Pin From Net: NetName=NetR65_2 Pin=R65-2
Removed Pin From Net: NetName=5V Pin=R66-1
Removed Pin From Net: NetName=NetR67_1 Pin=R67-1
Removed Pin From Net: NetName=5V Pin=R67-2
Removed Pin From Net: NetName=NetR68_1 Pin=R68-1
Removed Pin From Net: NetName=5V Pin=R68-2
Removed Pin From Net: NetName=NetD9_2 Pin=R94-1
Removed Pin From Net: NetName=DGND Pin=R94-2
Removed Pin From Net: NetName=5V Pin=S1-1
Removed Pin From Net: NetName=5V Pin=S1-2
Removed Pin From Net: NetName=5V Pin=S2-2
Removed Pin From Net: NetName=5V Pin=S3-2
Removed Pin From Net: NetName=DGND Pin=T1-1
Removed Pin From Net: NetName=DGND Pin=T1-2
Removed Pin From Net: NetName=DGND Pin=T1-3
Removed Pin From Net: NetName=OUt10 Pin=T1-4
Removed Pin From Net: NetName=OUt6 Pin=T1-5
Removed Pin From Net: NetName=OUt14 Pin=T1-6
Removed Pin From Net: NetName=NetR91_2 Pin=T1-7
Removed Pin From Net: NetName=NetR92_2 Pin=T1-8
Removed Pin From Net: NetName=NetD9_1 Pin=U7-25
Removed Pin From Net: NetName=5V Pin=X1-1
Removed Pin From Net: NetName=5V Pin=X1-4
Removed Member From Class: ClassName=Main Member=P3
Removed Member From Class: ClassName=Main Member=P4
Removed Member From Class: ClassName=Main Member=P5
Removed Member From Class: ClassName=MCU Member=R15
Removed Member From Class: ClassName=MCU Member=R16
Removed Member From Class: ClassName=MCU Member=R17
Removed Member From Class: ClassName=MCU Member=R18
Removed Member From Class: ClassName=MCU Member=R19
Removed Member From Class: ClassName=MCU Member=R20
Removed Member From Class: ClassName=MCU Member=R21
Removed Member From Class: ClassName=MCU Member=R22
Removed Member From Class: ClassName=MCU Member=R23
Removed Member From Class: ClassName=MCU Member=R24
Removed Member From Class: ClassName=MCU Member=R25
Removed Member From Class: ClassName=MCU Member=R26
Removed Member From Class: ClassName=MCU Member=R27
Removed Member From Class: ClassName=MCU Member=R28
Removed Member From Class: ClassName=MCU Member=R29
Removed Member From Class: ClassName=MCU Member=R30
Removed Member From Class: ClassName=MCU Member=R31
Removed Member From Class: ClassName=MCU Member=R32
Removed Member From Class: ClassName=MCU Member=R33
Removed Member From Class: ClassName=MCU Member=R34
Removed Member From Class: ClassName=MCU Member=R35
Removed Member From Class: ClassName=MCU Member=R36
Removed Member From Class: ClassName=MCU Member=R37
Removed Member From Class: ClassName=MCU Member=R38
Removed Member From Class: ClassName=MCU Member=R39
Removed Member From Class: ClassName=MCU Member=R40
Removed Member From Class: ClassName=MCU Member=R41
Removed Member From Class: ClassName=MCU Member=R42
Removed Member From Class: ClassName=Main Member=R65
Removed Member From Class: ClassName=Main Member=R66
Removed Member From Class: ClassName=Main Member=R67
Removed Member From Class: ClassName=Main Member=R68
Removed Member From Class: ClassName=MCU Member=R97
Removed Member From Class: ClassName=Main Member=T2
Removed Member From Class: ClassName=MCU Member=TP3
Removed Member From Class: ClassName=SBC Member=TP66
Change Component Footprint: Designator=R5 Old Footprint=0805 New Footprint=VR5
Change Component Footprint: Designator=P2 Old Footprint=HDR1X18 New Footprint=HDR2X12
Change Component Comment : Designator=P2 Old Comment=Header 18 New Comment=Header 12X2
Change Component Comment : Designator=R5 Old Comment=Res1 New Comment=RPot
Change Component Designator: OldDesignator=C5 NewDesignator=C4
Change Component Designator: OldDesignator=C6 NewDesignator=C5
Change Component Designator: OldDesignator=C7 NewDesignator=C6
Change Component Designator: OldDesignator=C8 NewDesignator=C7
Change Component Designator: OldDesignator=C9 NewDesignator=C8
Change Component Designator: OldDesignator=C10 NewDesignator=C9
Change Component Designator: OldDesignator=C11 NewDesignator=C10
Change Component Designator: OldDesignator=C12 NewDesignator=C11
Change Component Designator: OldDesignator=C13 NewDesignator=C12
Change Component Designator: OldDesignator=C14 NewDesignator=C13
Change Component Designator: OldDesignator=C15 NewDesignator=C14
Change Component Designator: OldDesignator=C16 NewDesignator=C15
Change Component Designator: OldDesignator=C17 NewDesignator=C16
Change Component Designator: OldDesignator=C18 NewDesignator=C17
Change Component Designator: OldDesignator=C19 NewDesignator=C18
Change Component Designator: OldDesignator=C20 NewDesignator=C19
Change Component Designator: OldDesignator=C21 NewDesignator=C20
Change Component Designator: OldDesignator=C22 NewDesignator=C21
Change Component Designator: OldDesignator=C23 NewDesignator=C22
Change Component Designator: OldDesignator=C24 NewDesignator=C23
Change Component Designator: OldDesignator=C25 NewDesignator=C24
Change Component Designator: OldDesignator=C26 NewDesignator=C25
Change Component Designator: OldDesignator=C27 NewDesignator=C26
Change Component Designator: OldDesignator=C28 NewDesignator=C27
Change Component Designator: OldDesignator=C29 NewDesignator=C30
Change Component Designator: OldDesignator=C30 NewDesignator=C31
Change Component Designator: OldDesignator=C31 NewDesignator=C32
Change Component Designator: OldDesignator=C32 NewDesignator=C33
Change Component Designator: OldDesignator=C33 NewDesignator=C34
Change Component Designator: OldDesignator=C34 NewDesignator=C35
Change Component Designator: OldDesignator=C35 NewDesignator=C36
Change Component Designator: OldDesignator=C36 NewDesignator=C37
Change Component Designator: OldDesignator=C37 NewDesignator=C38
Change Component Designator: OldDesignator=C38 NewDesignator=C39
Change Component Designator: OldDesignator=C39 NewDesignator=C40
Change Component Designator: OldDesignator=C40 NewDesignator=C41
Change Component Designator: OldDesignator=C41 NewDesignator=C42
Change Component Designator: OldDesignator=C42 NewDesignator=C43
Change Component Designator: OldDesignator=C43 NewDesignator=C44
Change Component Designator: OldDesignator=D? NewDesignator=D5
Change Component Designator: OldDesignator=P6 NewDesignator=P3
Change Component Designator: OldDesignator=R11 NewDesignator=R6
Change Component Designator: OldDesignator=R14 NewDesignator=R7
Change Component Designator: OldDesignator=R17 NewDesignator=R9
Change Component Designator: OldDesignator=R18 NewDesignator=R10
Change Component Designator: OldDesignator=R19 NewDesignator=R11
Change Component Designator: OldDesignator=R20 NewDesignator=R12
Change Component Designator: OldDesignator=R41 NewDesignator=R13
Change Component Designator: OldDesignator=R42 NewDesignator=R14
Change Component Designator: OldDesignator=R43 NewDesignator=R15
Change Component Designator: OldDesignator=R44 NewDesignator=R16
Change Component Designator: OldDesignator=R45 NewDesignator=R17
Change Component Designator: OldDesignator=R46 NewDesignator=R18
Change Component Designator: OldDesignator=R47 NewDesignator=R20
Change Component Designator: OldDesignator=R48 NewDesignator=R21
Change Component Designator: OldDesignator=R49 NewDesignator=R22
Change Component Designator: OldDesignator=R50 NewDesignator=R23
Change Component Designator: OldDesignator=R51 NewDesignator=R24
Change Component Designator: OldDesignator=R52 NewDesignator=R25
Change Component Designator: OldDesignator=R53 NewDesignator=R26
Change Component Designator: OldDesignator=R54 NewDesignator=R27
Change Component Designator: OldDesignator=R55 NewDesignator=R28
Change Component Designator: OldDesignator=R56 NewDesignator=R29
Change Component Designator: OldDesignator=R57 NewDesignator=R30
Change Component Designator: OldDesignator=R58 NewDesignator=R31
Change Component Designator: OldDesignator=R59 NewDesignator=R32
Change Component Designator: OldDesignator=R60 NewDesignator=R33
Change Component Designator: OldDesignator=R61 NewDesignator=R34
Change Component Designator: OldDesignator=R62 NewDesignator=R35
Change Component Designator: OldDesignator=R63 NewDesignator=R36
Change Component Designator: OldDesignator=R64 NewDesignator=R37
Change Component Designator: OldDesignator=R69 NewDesignator=R38
Change Component Designator: OldDesignator=R70 NewDesignator=R39
Change Component Designator: OldDesignator=R71 NewDesignator=R40
Change Component Designator: OldDesignator=R72 NewDesignator=R41
Change Component Designator: OldDesignator=R73 NewDesignator=R42
Change Component Designator: OldDesignator=R74 NewDesignator=R43
Change Component Designator: OldDesignator=R75 NewDesignator=R50
Change Component Designator: OldDesignator=R76 NewDesignator=R51
Change Component Designator: OldDesignator=R77 NewDesignator=R52
Change Component Designator: OldDesignator=R78 NewDesignator=R53
Change Component Designator: OldDesignator=R79 NewDesignator=R54
Change Component Designator: OldDesignator=R80 NewDesignator=R55
Change Component Designator: OldDesignator=R81 NewDesignator=R56
Change Component Designator: OldDesignator=R82 NewDesignator=R57
Change Component Designator: OldDesignator=R83 NewDesignator=R58
Change Component Designator: OldDesignator=R84 NewDesignator=R59
Change Component Designator: OldDesignator=R85 NewDesignator=R60
Change Component Designator: OldDesignator=R86 NewDesignator=R61
Change Component Designator: OldDesignator=R87 NewDesignator=R62
Change Component Designator: OldDesignator=R88 NewDesignator=R63
Change Component Designator: OldDesignator=R89 NewDesignator=R64
Change Component Designator: OldDesignator=R90 NewDesignator=R65
Change Component Designator: OldDesignator=R91 NewDesignator=R66
Change Component Designator: OldDesignator=R92 NewDesignator=R67
Change Component Designator: OldDesignator=R93 NewDesignator=R68
Change Component Designator: OldDesignator=R94 NewDesignator=R69
Change Component Designator: OldDesignator=R95 NewDesignator=R70
Change Component Designator: OldDesignator=R96 NewDesignator=R73
Change Component Designator: OldDesignator=R97 NewDesignator=R3
Change Component Designator: OldDesignator=T2 NewDesignator=T1
Change Component Designator: OldDesignator=T3 NewDesignator=T2
Change Component Designator: OldDesignator=TP2 NewDesignator=TP1
Change Component Designator: OldDesignator=TP3 NewDesignator=TP2
Change Component Designator: OldDesignator=TP4 NewDesignator=TP3
Change Component Designator: OldDesignator=TP5 NewDesignator=TP4
Change Component Designator: OldDesignator=TP6 NewDesignator=TP5
Change Component Designator: OldDesignator=TP7 NewDesignator=TP6
Change Component Designator: OldDesignator=TP8 NewDesignator=TP7
Change Component Designator: OldDesignator=TP9 NewDesignator=TP8
Change Component Designator: OldDesignator=TP10 NewDesignator=TP9
Change Component Designator: OldDesignator=TP11 NewDesignator=TP10
Change Component Designator: OldDesignator=TP12 NewDesignator=TP11
Change Component Designator: OldDesignator=TP13 NewDesignator=TP12
Change Component Designator: OldDesignator=TP14 NewDesignator=TP13
Change Component Designator: OldDesignator=TP15 NewDesignator=TP14
Change Component Designator: OldDesignator=TP16 NewDesignator=TP15
Change Component Designator: OldDesignator=TP17 NewDesignator=TP16
Change Component Designator: OldDesignator=TP18 NewDesignator=TP17
Change Component Designator: OldDesignator=TP19 NewDesignator=TP18
Change Component Designator: OldDesignator=TP20 NewDesignator=TP19
Change Component Designator: OldDesignator=TP21 NewDesignator=TP20
Change Component Designator: OldDesignator=TP22 NewDesignator=TP21
Change Component Designator: OldDesignator=TP23 NewDesignator=TP22
Change Component Designator: OldDesignator=TP24 NewDesignator=TP23
Change Component Designator: OldDesignator=TP25 NewDesignator=TP24
Change Component Designator: OldDesignator=TP26 NewDesignator=TP25
Change Component Designator: OldDesignator=TP27 NewDesignator=TP26
Change Component Designator: OldDesignator=TP28 NewDesignator=TP27
Change Component Designator: OldDesignator=TP29 NewDesignator=TP28
Change Component Designator: OldDesignator=TP30 NewDesignator=TP29
Change Component Designator: OldDesignator=TP31 NewDesignator=TP30
Change Component Designator: OldDesignator=TP32 NewDesignator=TP31
Change Component Designator: OldDesignator=TP33 NewDesignator=TP32
Change Component Designator: OldDesignator=TP34 NewDesignator=TP33
Change Component Designator: OldDesignator=TP35 NewDesignator=TP34
Change Component Designator: OldDesignator=TP36 NewDesignator=TP35
Change Component Designator: OldDesignator=TP37 NewDesignator=TP36
Change Component Designator: OldDesignator=TP38 NewDesignator=TP37
Change Component Designator: OldDesignator=TP39 NewDesignator=TP38
Change Component Designator: OldDesignator=TP40 NewDesignator=TP39
Change Component Designator: OldDesignator=TP41 NewDesignator=TP40
Change Component Designator: OldDesignator=TP42 NewDesignator=TP41
Change Component Designator: OldDesignator=TP43 NewDesignator=TP42
Change Component Designator: OldDesignator=TP44 NewDesignator=TP43
Change Component Designator: OldDesignator=TP45 NewDesignator=TP44
Change Component Designator: OldDesignator=TP46 NewDesignator=TP45
Change Component Designator: OldDesignator=TP47 NewDesignator=TP46
Change Component Designator: OldDesignator=TP48 NewDesignator=TP47
Change Component Designator: OldDesignator=TP49 NewDesignator=TP48
Change Component Designator: OldDesignator=TP50 NewDesignator=TP49
Change Component Designator: OldDesignator=TP51 NewDesignator=TP50
Change Component Designator: OldDesignator=TP52 NewDesignator=TP51
Change Component Designator: OldDesignator=TP53 NewDesignator=TP52
Change Component Designator: OldDesignator=TP54 NewDesignator=TP53
Change Component Designator: OldDesignator=TP55 NewDesignator=TP54
Change Component Designator: OldDesignator=TP56 NewDesignator=TP55
Change Component Designator: OldDesignator=TP57 NewDesignator=TP56
Change Component Designator: OldDesignator=TP59 NewDesignator=TP57
Change Component Designator: OldDesignator=TP60 NewDesignator=TP58
Change Component Designator: OldDesignator=TP61 NewDesignator=TP59
Change Component Designator: OldDesignator=TP62 NewDesignator=TP60
Change Component Designator: OldDesignator=TP63 NewDesignator=TP61
Change Component Designator: OldDesignator=TP64 NewDesignator=TP62
Change Component Designator: OldDesignator=TP65 NewDesignator=TP63
Change Component Designator: OldDesignator=TP66 NewDesignator=TP64
Change Component Designator: OldDesignator=TP67 NewDesignator=TP65
Change Component Designator: OldDesignator=TP68 NewDesignator=TP66
Change Component Designator: OldDesignator=TP69 NewDesignator=TP67
Change Component Designator: OldDesignator=TP70 NewDesignator=TP68
Change Component Designator: OldDesignator=TP71 NewDesignator=TP69
Change Component Designator: OldDesignator=TP72 NewDesignator=TP70
Change Component Designator: OldDesignator=TP73 NewDesignator=TP71
Change Component Designator: OldDesignator=TP74 NewDesignator=TP72
Change Component Designator: OldDesignator=TP75 NewDesignator=TP73
Change Component Designator: OldDesignator=TP76 NewDesignator=TP74
Change Component Designator: OldDesignator=TP77 NewDesignator=TP75
Change Component Designator: OldDesignator=TP78 NewDesignator=TP76
Change Component Designator: OldDesignator=TP79 NewDesignator=TP77
Change Component Designator: OldDesignator=TP80 NewDesignator=TP78
Change Component Designator: OldDesignator=TP81 NewDesignator=TP79
Change Component Designator: OldDesignator=TP82 NewDesignator=TP80
Change Component Designator: OldDesignator=TP83 NewDesignator=TP81
Change Component Designator: OldDesignator=TP84 NewDesignator=TP82
Change Component Designator: OldDesignator=TP85 NewDesignator=TP83
Change Component Designator: OldDesignator=TP86 NewDesignator=TP84
Change Component Designator: OldDesignator=TP87 NewDesignator=TP85
Change Component Designator: OldDesignator=TP88 NewDesignator=TP86
Change Component Designator: OldDesignator=TP89 NewDesignator=TP87
Change Component Designator: OldDesignator=TP90 NewDesignator=TP88
Change Component Designator: OldDesignator=TP91 NewDesignator=TP89
Change Component Designator: OldDesignator=TP92 NewDesignator=TP90
Change component parameters: Designator = "R5" ("R5"); Footprint = "0805"; UniqueID = "\EFSPDBXU\ENTAGZUG" ("\EFSPDBXU\ENTAGZUG")
Change component parameters (AddParameter): Name = "LatestRevisionDate"; Value = "17-Jul-2002"; VariantName = "[No Variations]"
Change component parameters (AddParameter): Name = "LatestRevisionNote"; Value = "Re-released for DXP Platform."; VariantName = "[No Variations]"
Change component parameters (AddParameter): Name = "PackageDescription"; Value = "Variable Resistor, Thru-Hole; 3 Leads"; VariantName = "[No Variations]"
Change component parameters (AddParameter): Name = "PackageReference"; Value = "VR5"; VariantName = "[No Variations]"
Change component parameters (AddParameter): Name = "Published"; Value = "8-Jun-2000"; VariantName = "[No Variations]"
Change component parameters (AddParameter): Name = "Publisher"; Value = "Altium Limited"; VariantName = "[No Variations]"
Change component parameters (AddParameter): Name = "Set Position"; Value = "0.5"; VariantName = "[No Variations]"
Change component parameters (AddParameter): Name = "Sim Note"; Value = "Enter the Resistance value and the set point into parameter fields."; VariantName = "[No Variations]"
Change component parameters (AddParameter): Name = "Value"; Value = "10K"; VariantName = "[No Variations]"
Added Component: Designator=C28(0805C)
Add component (AddParameter): Name = "LatestRevisionDate"; Value = "17-Jul-2002"; VariantName = "[No Variations]"
Add component (AddParameter): Name = "LatestRevisionNote"; Value = "Re-released for DXP Platform."; VariantName = "[No Variations]"
Add component (AddParameter): Name = "PackageDescription"; Value = "Radial Cap, Thru-Hole; 2 Leads; 0.3 in Pin Spacing"; VariantName = "[No Variations]"
Add component (AddParameter): Name = "PackageReference"; Value = "RAD-0.3"; VariantName = "[No Variations]"
Add component (AddParameter): Name = "Published"; Value = "8-Jun-2000"; VariantName = "[No Variations]"
Add component (AddParameter): Name = "Publisher"; Value = "Altium Limited"; VariantName = "[No Variations]"
Add component (AddParameter): Name = "Value"; Value = "27pF"; VariantName = "[No Variations]"
Added Component: Designator=C29(0805C)
Add component (AddParameter): Name = "LatestRevisionDate"; Value = "17-Jul-2002"; VariantName = "[No Variations]"
Add component (AddParameter): Name = "LatestRevisionNote"; Value = "Re-released for DXP Platform."; VariantName = "[No Variations]"
Add component (AddParameter): Name = "PackageDescription"; Value = "Radial Cap, Thru-Hole; 2 Leads; 0.3 in Pin Spacing"; VariantName = "[No Variations]"
Add component (AddParameter): Name = "PackageReference"; Value = "RAD-0.3"; VariantName = "[No Variations]"
Add component (AddParameter): Name = "Published"; Value = "8-Jun-2000"; VariantName = "[No Variations]"
Add component (AddParameter): Name = "Publisher"; Value = "Altium Limited"; VariantName = "[No Variations]"
Add component (AddParameter): Name = "Value"; Value = "27pF"; VariantName = "[No Variations]"
Added Component: Designator=R19(0805)
Add component (AddParameter): Name = "LatestRevisionDate"; Value = "17-Jul-2002"; VariantName = "[No Variations]"
Add component (AddParameter): Name = "LatestRevisionNote"; Value = "Re-released for DXP Platform."; VariantName = "[No Variations]"
Add component (AddParameter): Name = "PackageDescription"; Value = "Axial Device, Thru-Hole; 2 Leads; 0.3 in Pin Spacing"; VariantName = "[No Variations]"
Add component (AddParameter): Name = "PackageReference"; Value = "AXIAL-0.3"; VariantName = "[No Variations]"
Add component (AddParameter): Name = "Published"; Value = "8-Jun-2000"; VariantName = "[No Variations]"
Add component (AddParameter): Name = "Publisher"; Value = "Altium Limited"; VariantName = "[No Variations]"
Add component (AddParameter): Name = "Value"; Value = "100K"; VariantName = "[No Variations]"
Added Component: Designator=R44(0805)
Add component (AddParameter): Name = "LatestRevisionDate"; Value = "17-Jul-2002"; VariantName = "[No Variations]"
Add component (AddParameter): Name = "LatestRevisionNote"; Value = "Re-released for DXP Platform."; VariantName = "[No Variations]"
Add component (AddParameter): Name = "PackageDescription"; Value = "Axial Device, Thru-Hole; 2 Leads; 0.3 in Pin Spacing"; VariantName = "[No Variations]"
Add component (AddParameter): Name = "PackageReference"; Value = "AXIAL-0.3"; VariantName = "[No Variations]"
Add component (AddParameter): Name = "Published"; Value = "8-Jun-2000"; VariantName = "[No Variations]"
Add component (AddParameter): Name = "Publisher"; Value = "Altium Limited"; VariantName = "[No Variations]"
Add component (AddParameter): Name = "Value"; Value = "4.7k"; VariantName = "[No Variations]"
Added Component: Designator=R45(0805)
Add component (AddParameter): Name = "LatestRevisionDate"; Value = "17-Jul-2002"; VariantName = "[No Variations]"
Add component (AddParameter): Name = "LatestRevisionNote"; Value = "Re-released for DXP Platform."; VariantName = "[No Variations]"
Add component (AddParameter): Name = "PackageDescription"; Value = "Axial Device, Thru-Hole; 2 Leads; 0.3 in Pin Spacing"; VariantName = "[No Variations]"
Add component (AddParameter): Name = "PackageReference"; Value = "AXIAL-0.3"; VariantName = "[No Variations]"
Add component (AddParameter): Name = "Published"; Value = "8-Jun-2000"; VariantName = "[No Variations]"
Add component (AddParameter): Name = "Publisher"; Value = "Altium Limited"; VariantName = "[No Variations]"
Add component (AddParameter): Name = "Value"; Value = "4.7k"; VariantName = "[No Variations]"
Added Component: Designator=R46(0805)
Add component (AddParameter): Name = "LatestRevisionDate"; Value = "17-Jul-2002"; VariantName = "[No Variations]"
Add component (AddParameter): Name = "LatestRevisionNote"; Value = "Re-released for DXP Platform."; VariantName = "[No Variations]"
Add component (AddParameter): Name = "PackageDescription"; Value = "Axial Device, Thru-Hole; 2 Leads; 0.3 in Pin Spacing"; VariantName = "[No Variations]"
Add component (AddParameter): Name = "PackageReference"; Value = "AXIAL-0.3"; VariantName = "[No Variations]"
Add component (AddParameter): Name = "Published"; Value = "8-Jun-2000"; VariantName = "[No Variations]"
Add component (AddParameter): Name = "Publisher"; Value = "Altium Limited"; VariantName = "[No Variations]"
Add component (AddParameter): Name = "Value"; Value = "4.7k"; VariantName = "[No Variations]"
Added Component: Designator=R47(0805)
Add component (AddParameter): Name = "LatestRevisionDate"; Value = "17-Jul-2002"; VariantName = "[No Variations]"
Add component (AddParameter): Name = "LatestRevisionNote"; Value = "Re-released for DXP Platform."; VariantName = "[No Variations]"
Add component (AddParameter): Name = "PackageDescription"; Value = "Axial Device, Thru-Hole; 2 Leads; 0.3 in Pin Spacing"; VariantName = "[No Variations]"
Add component (AddParameter): Name = "PackageReference"; Value = "AXIAL-0.3"; VariantName = "[No Variations]"
Add component (AddParameter): Name = "Published"; Value = "8-Jun-2000"; VariantName = "[No Variations]"
Add component (AddParameter): Name = "Publisher"; Value = "Altium Limited"; VariantName = "[No Variations]"
Add component (AddParameter): Name = "Value"; Value = "4.7k"; VariantName = "[No Variations]"
Added Component: Designator=R48(0805)
Add component (AddParameter): Name = "LatestRevisionDate"; Value = "17-Jul-2002"; VariantName = "[No Variations]"
Add component (AddParameter): Name = "LatestRevisionNote"; Value = "Re-released for DXP Platform."; VariantName = "[No Variations]"
Add component (AddParameter): Name = "PackageDescription"; Value = "Axial Device, Thru-Hole; 2 Leads; 0.3 in Pin Spacing"; VariantName = "[No Variations]"
Add component (AddParameter): Name = "PackageReference"; Value = "AXIAL-0.3"; VariantName = "[No Variations]"
Add component (AddParameter): Name = "Published"; Value = "8-Jun-2000"; VariantName = "[No Variations]"
Add component (AddParameter): Name = "Publisher"; Value = "Altium Limited"; VariantName = "[No Variations]"
Add component (AddParameter): Name = "Value"; Value = "4.7k"; VariantName = "[No Variations]"
Added Component: Designator=R49(0805)
Add component (AddParameter): Name = "LatestRevisionDate"; Value = "17-Jul-2002"; VariantName = "[No Variations]"
Add component (AddParameter): Name = "LatestRevisionNote"; Value = "Re-released for DXP Platform."; VariantName = "[No Variations]"
Add component (AddParameter): Name = "PackageDescription"; Value = "Axial Device, Thru-Hole; 2 Leads; 0.3 in Pin Spacing"; VariantName = "[No Variations]"
Add component (AddParameter): Name = "PackageReference"; Value = "AXIAL-0.3"; VariantName = "[No Variations]"
Add component (AddParameter): Name = "Published"; Value = "8-Jun-2000"; VariantName = "[No Variations]"
Add component (AddParameter): Name = "Publisher"; Value = "Altium Limited"; VariantName = "[No Variations]"
Add component (AddParameter): Name = "Value"; Value = "4.7k"; VariantName = "[No Variations]"
Added Component: Designator=R71(0805)
Add component (AddParameter): Name = "LatestRevisionDate"; Value = "17-Jul-2002"; VariantName = "[No Variations]"
Add component (AddParameter): Name = "LatestRevisionNote"; Value = "Re-released for DXP Platform."; VariantName = "[No Variations]"
Add component (AddParameter): Name = "PackageDescription"; Value = "Axial Device, Thru-Hole; 2 Leads; 0.3 in Pin Spacing"; VariantName = "[No Variations]"
Add component (AddParameter): Name = "PackageReference"; Value = "AXIAL-0.3"; VariantName = "[No Variations]"
Add component (AddParameter): Name = "Published"; Value = "8-Jun-2000"; VariantName = "[No Variations]"
Add component (AddParameter): Name = "Publisher"; Value = "Altium Limited"; VariantName = "[No Variations]"
Add component (AddParameter): Name = "Value"; Value = "4.7K"; VariantName = "[No Variations]"
Added Component: Designator=R72(0805)
Add component (AddParameter): Name = "LatestRevisionDate"; Value = "17-Jul-2002"; VariantName = "[No Variations]"
Add component (AddParameter): Name = "LatestRevisionNote"; Value = "Re-released for DXP Platform."; VariantName = "[No Variations]"
Add component (AddParameter): Name = "PackageDescription"; Value = "Axial Device, Thru-Hole; 2 Leads; 0.3 in Pin Spacing"; VariantName = "[No Variations]"
Add component (AddParameter): Name = "PackageReference"; Value = "AXIAL-0.3"; VariantName = "[No Variations]"
Add component (AddParameter): Name = "Published"; Value = "8-Jun-2000"; VariantName = "[No Variations]"
Add component (AddParameter): Name = "Publisher"; Value = "Altium Limited"; VariantName = "[No Variations]"
Add component (AddParameter): Name = "Value"; Value = "4.7K"; VariantName = "[No Variations]"
Added Pin To Net: NetName=+3.3V_MCU Pin=C6-1
Added Pin To Net: NetName=DGND Pin=C28-2
Added Pin To Net: NetName=DGND Pin=C29-2
Added Pin To Net: NetName=+3.3V_MCU Pin=D1-1
Added Pin To Net: NetName=+3.3V_MCU Pin=D2-1
Added Pin To Net: NetName=+3.3V_MCU Pin=D3-1
Added Pin To Net: NetName=+3.3V_MCU Pin=D4-1
Added Pin To Net: NetName=DGND Pin=P2-4
Added Pin To Net: NetName=OUt1 Pin=P2-5
Added Pin To Net: NetName=OUt2 Pin=P2-6
Added Pin To Net: NetName=OUt3 Pin=P2-7
Added Pin To Net: NetName=OUt4 Pin=P2-8
Added Pin To Net: NetName=OUt5 Pin=P2-9
Added Pin To Net: NetName=OUt6 Pin=P2-10
Added Pin To Net: NetName=OUt7 Pin=P2-11
Added Pin To Net: NetName=OUt8 Pin=P2-12
Added Pin To Net: NetName=OUt9 Pin=P2-13
Added Pin To Net: NetName=OUt10 Pin=P2-14
Added Pin To Net: NetName=OUt11 Pin=P2-15
Added Pin To Net: NetName=OUt12 Pin=P2-16
Added Pin To Net: NetName=OUt13 Pin=P2-17
Added Pin To Net: NetName=OUt14 Pin=P2-18
Added Pin To Net: NetName=OUt15 Pin=P2-19
Added Pin To Net: NetName=OUt16 Pin=P2-20
Added Pin To Net: NetName=OUt17 Pin=P2-21
Added Pin To Net: NetName=OUt18 Pin=P2-22
Added Pin To Net: NetName=NetR91_2 Pin=P2-23
Added Pin To Net: NetName=NetR92_2 Pin=P2-24
Added Pin To Net: NetName=+3.3V_MCU Pin=R4-2
Added Pin To Net: NetName=DGND Pin=R5-1
Added Pin To Net: NetName=+3.3V_MCU Pin=R5-2
Added Pin To Net: NetName=DGND Pin=R8-1
Added Pin To Net: NetName=5V Pin=R45-1
Added Pin To Net: NetName=DIO23 Pin=R45-2
Added Pin To Net: NetName=5V Pin=R46-1
Added Pin To Net: NetName=DIO24 Pin=R46-2
Added Pin To Net: NetName=5V Pin=R47-1
Added Pin To Net: NetName=DIO25 Pin=R47-2
Added Pin To Net: NetName=5V Pin=R48-1
Added Pin To Net: NetName=DIO26 Pin=R48-2
Added Pin To Net: NetName=5V Pin=R49-1
Added Pin To Net: NetName=DIO27 Pin=R49-2
Added Pin To Net: NetName=NetD9_1 Pin=R69-1
Added Pin To Net: NetName=5V Pin=R69-2
Added Pin To Net: NetName=5V Pin=R71-2
Added Pin To Net: NetName=DGND Pin=R72-1
Added Pin To Net: NetName=+3.3V_MCU Pin=S1-1
Added Pin To Net: NetName=+3.3V_MCU Pin=S1-2
Added Pin To Net: NetName=+3.3V_MCU Pin=S2-2
Added Pin To Net: NetName=+3.3V_MCU Pin=S3-2
Added Pin To Net: NetName=DIO3 Pin=U1-1
Added Pin To Net: NetName=DIO4 Pin=U1-2
Added Pin To Net: NetName=DIO5 Pin=U1-3
Added Pin To Net: NetName=DIO6 Pin=U1-4
Added Pin To Net: NetName=DIO7 Pin=U1-5
Added Pin To Net: NetName=DIO17 Pin=U1-10
Added Pin To Net: NetName=DIO18 Pin=U1-11
Added Pin To Net: NetName=DIO19 Pin=U1-12
Added Pin To Net: NetName=DIO20 Pin=U1-13
Added Pin To Net: NetName=DIO21 Pin=U1-14
Added Pin To Net: NetName=DIO22 Pin=U1-15
Added Pin To Net: NetName=DIO23 Pin=U1-18
Added Pin To Net: NetName=DIO24 Pin=U1-19
Added Pin To Net: NetName=DIO25 Pin=U1-20
Added Pin To Net: NetName=DIO26 Pin=U1-21
Added Pin To Net: NetName=DIO27 Pin=U1-22
Added Pin To Net: NetName=DIO28 Pin=U1-49
Added Pin To Net: NetName=DIO8 Pin=U1-58
Added Pin To Net: NetName=DIO9 Pin=U1-59
Added Pin To Net: NetName=DIO10 Pin=U1-60
Added Pin To Net: NetName=DIO11 Pin=U1-63
Added Pin To Net: NetName=DIO12 Pin=U1-64
Added Pin To Net: NetName=DIO13 Pin=U1-65
Added Pin To Net: NetName=DIO14 Pin=U1-66
Added Pin To Net: NetName=DIO15 Pin=U1-67
Added Pin To Net: NetName=DIO16 Pin=U1-68
Added Pin To Net: NetName=DIO1 Pin=U1-141
Added Pin To Net: NetName=DIO2 Pin=U1-142
Added Pin To Net: NetName=NetD9_2 Pin=U7-25
Added Pin To Net: NetName=+3.3V_MCU Pin=X1-1
Added Pin To Net: NetName=+3.3V_MCU Pin=X1-4
Change Net Name : Old Net Name=NetC26_1 New Net Name=NetC25_1
Change Net Name : Old Net Name=NetC26_2 New Net Name=NetC25_2
Change Net Name : Old Net Name=NetC28_2 New Net Name=NetC27_2
Change Net Name : Old Net Name=NetC30_2 New Net Name=NetC31_2
Change Net Name : Old Net Name=NetC31_1 New Net Name=NetC32_1
Change Net Name : Old Net Name=NetC32_1 New Net Name=NetC33_1
Change Net Name : Old Net Name=NetC33_1 New Net Name=NetC34_1
Change Net Name : Old Net Name=NetC37_1 New Net Name=NetC38_1
Change Net Name : Old Net Name=NetC42_1 New Net Name=NetC43_1
Change Net Name : Old Net Name=NetR11_1 New Net Name=NetR6_1
Change Net Name : Old Net Name=NetR14_1 New Net Name=NetR7_1
Change Net Name : Old Net Name=NetR41_1 New Net Name=NetR13_1
Change Net Name : Old Net Name=NetR42_2 New Net Name=NetR14_2
Change Net Name : Old Net Name=NetR43_1 New Net Name=NetR15_1
Change Net Name : Old Net Name=NetR43_2 New Net Name=NetR15_2
Change Net Name : Old Net Name=NetR45_1 New Net Name=NetR17_1
Change Net Name : Old Net Name=NetR47_2 New Net Name=NetR20_2
Change Net Name : Old Net Name=NetR65_2 New Net Name=NetTP43_1
Change Net Name : Old Net Name=NetR67_1 New Net Name=NetTP45_1
Change Net Name : Old Net Name=NetR68_1 New Net Name=NetTP46_1
Change Net Name : Old Net Name=NetR69_1 New Net Name=NetR38_1
Change Net Name : Old Net Name=NetR70_1 New Net Name=NetR39_1
Change Net Name : Old Net Name=NetR71_2 New Net Name=NetR40_2
Change Net Name : Old Net Name=NetR72_1 New Net Name=NetR41_1
Change Net Name : Old Net Name=NetR73_1 New Net Name=NetR42_1
Change Net Name : Old Net Name=NetR74_1 New Net Name=NetR43_1
Change Net Name : Old Net Name=NetR75_1 New Net Name=NetR50_1
Change Net Name : Old Net Name=NetR75_2 New Net Name=NetR50_2
Change Net Name : Old Net Name=NetR77_1 New Net Name=NetR52_1
Change Net Name : Old Net Name=NetR78_2 New Net Name=NetR53_2
Change Net Name : Old Net Name=NetR79_1 New Net Name=NetR54_1
Change Net Name : Old Net Name=NetR82_2 New Net Name=NetR57_2
Change Net Name : Old Net Name=NetR83_2 New Net Name=NetR58_2
Change Net Name : Old Net Name=NetR91_2 New Net Name=NetP2_23
Change Net Name : Old Net Name=NetR92_2 New Net Name=NetP2_24
Change Net Name : Old Net Name=NetR96_3 New Net Name=NetR73_3
Change Net Name : Old Net Name=NetR97_2 New Net Name=NetR3_2
Change Net Name : Old Net Name=NetTP48_1 New Net Name=NetTP47_1
Change Net Name : Old Net Name=NetTP51_1 New Net Name=NetTP50_1
Change Net Name : Old Net Name=NetTP55_1 New Net Name=NetTP54_1
Change Net Name : Old Net Name=NetTP61_1 New Net Name=NetTP59_1
Change Net Name : Old Net Name=NetTP87_1 New Net Name=NetTP85_1
Change Net Name : Old Net Name=NetTP88_1 New Net Name=NetTP86_1
Change Net Name : Old Net Name=NetTP89_1 New Net Name=NetTP87_1
Added Pin To Net: NetName=Fixed_AI Pin=R4-1
Added Pin To Net: NetName=Fixed_AI Pin=R8-2
Added Pin To Net: NetName=Fixed_AI Pin=U1-41
Added Net: Name=Fixed_AI
Added Pin To Net: NetName=NetC28_1 Pin=C28-1
Added Pin To Net: NetName=NetC28_1 Pin=U2-9
Added Net: Name=NetC28_1
Added Pin To Net: NetName=NetC29_1 Pin=C29-1
Added Pin To Net: NetName=NetC29_1 Pin=R19-1
Added Net: Name=NetC29_1
Added Pin To Net: NetName=NetR19_2 Pin=R19-2
Added Pin To Net: NetName=NetR19_2 Pin=U2-10
Added Net: Name=NetR19_2
Added Pin To Net: NetName=NetR44_1 Pin=R44-1
Added Pin To Net: NetName=NetR44_1 Pin=U1-82
Added Net: Name=NetR44_1
Added Pin To Net: NetName=NetR44_2 Pin=R44-2
Added Pin To Net: NetName=NetR44_2 Pin=U1-81
Added Net: Name=NetR44_2
Added Pin To Net: NetName=NetR71_1 Pin=R71-1
Added Pin To Net: NetName=NetR71_1 Pin=R72-2
Added Pin To Net: NetName=NetR71_1 Pin=TP88-1
Added Pin To Net: NetName=NetR71_1 Pin=U7-13
Added Net: Name=NetR71_1
Added Pin To Net: NetName=NetTP44_1 Pin=TP44-1
Added Pin To Net: NetName=NetTP44_1 Pin=U1-8
Added Pin To Net: NetName=NetTP44_1 Pin=U6-3
Added Net: Name=NetTP44_1
Added Pin To Net: NetName=NetU1_26 Pin=U1-26
Added Net: Name=NetU1_26
Added Pin To Net: NetName=NetU1_27 Pin=U1-27
Added Net: Name=NetU1_27
Added Pin To Net: NetName=NetU1_35 Pin=U1-35
Added Net: Name=NetU1_35
Added Pin To Net: NetName=NetU1_36 Pin=U1-36
Added Net: Name=NetU1_36
Added Pin To Net: NetName=NetU1_43 Pin=U1-43
Added Net: Name=NetU1_43
Added Pin To Net: NetName=NetU1_44 Pin=U1-44
Added Net: Name=NetU1_44
Added Pin To Net: NetName=NetU1_45 Pin=U1-45
Added Net: Name=NetU1_45
Added Pin To Net: NetName=NetU1_70 Pin=U1-70
Added Net: Name=NetU1_70
Added Pin To Net: NetName=NetU1_73 Pin=U1-73
Added Net: Name=NetU1_73
Added Pin To Net: NetName=NetU1_77 Pin=U1-77
Added Net: Name=NetU1_77
Added Pin To Net: NetName=NetU1_78 Pin=U1-78
Added Net: Name=NetU1_78
Added Pin To Net: NetName=NetU1_102 Pin=U1-102
Added Net: Name=NetU1_102
Added Pin To Net: NetName=NetU1_110 Pin=U1-110
Added Net: Name=NetU1_110
Added Pin To Net: NetName=NetU1_111 Pin=U1-111
Added Net: Name=NetU1_111
Added Pin To Net: NetName=NetU1_112 Pin=U1-112
Added Net: Name=NetU1_112
Added Pin To Net: NetName=NetU1_113 Pin=U1-113
Added Net: Name=NetU1_113
Added Pin To Net: NetName=NetU1_122 Pin=U1-122
Added Net: Name=NetU1_122
Added Pin To Net: NetName=NetU1_123 Pin=U1-123
Added Net: Name=NetU1_123
Added Pin To Net: NetName=NetU1_126 Pin=U1-126
Added Net: Name=NetU1_126
Added Pin To Net: NetName=NetU1_128 Pin=U1-128
Added Net: Name=NetU1_128
Added Pin To Net: NetName=NetU1_129 Pin=U1-129
Added Net: Name=NetU1_129
Added Pin To Net: NetName=NetU1_136 Pin=U1-136
Added Net: Name=NetU1_136
Added Pin To Net: NetName=NetU1_140 Pin=U1-140
Added Net: Name=NetU1_140
Added Pin To Net: NetName=Variable_AI Pin=R5-3
Added Pin To Net: NetName=Variable_AI Pin=U1-42
Added Net: Name=Variable_AI
Change Class Name : Old Net Name=DIO[1..32] New Net Name=DIO[1..28]
Added Member To Class: ClassName=Knock Member=Component C28 1nF
Added Member To Class: ClassName=Knock Member=Component C29 1nF
Added Member To Class: ClassName=Knock Member=Component R19 Res1
Added Member To Class: ClassName=Main Member=Component R44 Res1
Added Member To Class: ClassName=Main Member=Component R45 Res1
Added Member To Class: ClassName=Main Member=Component R46 Res1
Added Member To Class: ClassName=Main Member=Component R47 Res1
Added Member To Class: ClassName=Main Member=Component R48 Res1
Added Member To Class: ClassName=Main Member=Component R49 Res1
Added Member To Class: ClassName=MU Member=Component R71 Res1
Added Member To Class: ClassName=MU Member=Component R72 Res1
Add Class Member: Failed to add class member : Component X2 Crystal
