Change Component Designator: Old Designator=C? New Designator=C30
Change Component Designator: Old Designator=C? New Designator=C31
Change Component Designator: Old Designator=C? New Designator=C32
Change Component Designator: Old Designator=C? New Designator=C33
Change Component Designator: Old Designator=R? New Designator=R75
Change Component Designator: Old Designator=R? New Designator=R76
Change Component Designator: Old Designator=R? New Designator=R77
Change Component Designator: Old Designator=R? New Designator=R78
Change Component Designator: Old Designator=R? New Designator=R79
Change Component Designator: Old Designator=R? New Designator=R80
Change Component Designator: Old Designator=R? New Designator=R81
Change Component Designator: Old Designator=R? New Designator=R82
Change Component Designator: Old Designator=R? New Designator=R83
Change Component Designator: Old Designator=R? New Designator=R84
Change Component Designator: Old Designator=R? New Designator=R85
Change Component Designator: Old Designator=S? New Designator=S4
Change Component Designator: Old Designator=TP? New Designator=TP54
Change Component Designator: Old Designator=TP? New Designator=TP55
Change Component Designator: Old Designator=TP? New Designator=TP56
Change Component Designator: Old Designator=TP? New Designator=TP57
Change Component Designator: Old Designator=TP? New Designator=TP58
Change Component Designator: Old Designator=TP? New Designator=TP59
Change Component Designator: Old Designator=TP? New Designator=TP60
Change Component Designator: Old Designator=TP? New Designator=TP61
Change Component Designator: Old Designator=TP? New Designator=TP62
Change Component Designator: Old Designator=TP? New Designator=TP63
Change Component Designator: Old Designator=TP? New Designator=TP64
Change Component Designator: Old Designator=TP? New Designator=TP65
Change Component Designator: Old Designator=TP? New Designator=TP66
Change Component Designator: Old Designator=TP? New Designator=TP67
Change Component Designator: Old Designator=U? New Designator=U4
