Change Component Designator: Old Designator=P? New Designator=P2
Change Component Designator: Old Designator=R69 New Designator=R37
Change Component Designator: Old Designator=R70 New Designator=R38
Change Component Designator: Old Designator=R71 New Designator=R39
Change Component Designator: Old Designator=R72 New Designator=R40
Change Component Designator: Old Designator=R73 New Designator=R41
Change Component Designator: Old Designator=R74 New Designator=R42
Change Component Designator: Old Designator=R? New Designator=R43
Change Component Designator: Old Designator=R? New Designator=R44
Change Component Designator: Old Designator=R? New Designator=R45
Change Component Designator: Old Designator=R? New Designator=R46
Change Component Designator: Old Designator=R? New Designator=R47
Change Component Designator: Old Designator=R? New Designator=R48
Change Component Designator: Old Designator=T2 New Designator=T1
Change Component Designator: Old Designator=TP44 New Designator=TP43
Change Component Designator: Old Designator=TP45 New Designator=TP44
Change Component Designator: Old Designator=TP46 New Designator=TP45
Change Component Designator: Old Designator=TP47 New Designator=TP46
Change Component Designator: Old Designator=TP48 New Designator=TP47
Change Component Designator: Old Designator=TP49 New Designator=TP48
Change Component Designator: Old Designator=TP50 New Designator=TP49
Change Component Designator: Old Designator=TP51 New Designator=TP50
Change Component Designator: Old Designator=TP52 New Designator=TP51
Change Component Designator: Old Designator=TP53 New Designator=TP52
