Change Component Designator: Old Designator=C34 New Designator=C35
Change Component Designator: Old Designator=C35 New Designator=C36
Change Component Designator: Old Designator=C36 New Designator=C37
Change Component Designator: Old Designator=D? New Designator=D5
Change Component Designator: Old Designator=R86 New Designator=R60
Change Component Designator: Old Designator=R87 New Designator=R61
Change Component Designator: Old Designator=R88 New Designator=R62
Change Component Designator: Old Designator=R89 New Designator=R63
Change Component Designator: Old Designator=R90 New Designator=R64
Change Component Designator: Old Designator=T3 New Designator=T2
Change Component Designator: Old Designator=TP68 New Designator=TP66
Change Component Designator: Old Designator=TP69 New Designator=TP67
Change Component Designator: Old Designator=TP70 New Designator=TP68
Change Component Designator: Old Designator=TP71 New Designator=TP69
Change Component Designator: Old Designator=TP72 New Designator=TP70
Change Component Designator: Old Designator=TP73 New Designator=TP71
Change Component Designator: Old Designator=TP74 New Designator=TP72
Change Component Designator: Old Designator=TP75 New Designator=TP73
Change Component Designator: Old Designator=TP76 New Designator=TP74
Change Component Designator: Old Designator=TP77 New Designator=TP75
Change Component Designator: Old Designator=TP78 New Designator=TP76
Change Component Designator: Old Designator=TP79 New Designator=TP77
